[12:45:08] [main/INFO] [LaunchWrapper]: Loading tweak class name net.minecraftforge.fml.common.launcher.FMLTweaker
[12:45:08] [main/INFO] [LaunchWrapper]: Using primary tweak class name net.minecraftforge.fml.common.launcher.FMLTweaker
[12:45:08] [main/INFO] [LaunchWrapper]: Calling tweak class net.minecraftforge.fml.common.launcher.FMLTweaker
[12:45:33] [Client thread/INFO] [net.labymod.support.util.CapturePrintStream]: Removed JNDI lookup
[12:45:34] [Client thread/ERROR] [net.labymod.support.util.CapturePrintStream]: catching
org.lwjgl.LWJGLException: Could not create context (WGL_ARB_create_context)
	at org.lwjgl.opengl.WindowsContextImplementation.nCreate(Native Method) ~[lwjgl-2.9.4-nightly-20150209.jar:?]
	at org.lwjgl.opengl.WindowsContextImplementation.create(WindowsContextImplementation.java:50) ~[lwjgl-2.9.4-nightly-20150209.jar:?]
	at org.lwjgl.opengl.ContextGL.<init>(ContextGL.java:132) ~[lwjgl-2.9.4-nightly-20150209.jar:?]
	at org.lwjgl.opengl.DrawableGL.createSharedContext(DrawableGL.java:77) ~[lwjgl-2.9.4-nightly-20150209.jar:?]
	at org.lwjgl.opengl.DrawableGL.createSharedContext(DrawableGL.java:41) ~[lwjgl-2.9.4-nightly-20150209.jar:?]
	at org.lwjgl.opengl.SharedDrawable.<init>(SharedDrawable.java:50) ~[lwjgl-2.9.4-nightly-20150209.jar:?]
	at net.labymod.utils.texture.async.AsyncTextureLoader.<init>(AsyncTextureLoader.java:34) [AsyncTextureLoader.class:?]
	at net.labymod.main.LabyMod.init(LabyMod.java:245) [LabyMod.class:?]
	at sun.reflect.NativeMethodAccessorImpl.invoke0(Native Method) ~[?:1.8.0_51]
	at sun.reflect.NativeMethodAccessorImpl.invoke(NativeMethodAccessorImpl.java:62) ~[?:1.8.0_51]
	at sun.reflect.DelegatingMethodAccessorImpl.invoke(DelegatingMethodAccessorImpl.java:43) ~[?:1.8.0_51]
	at java.lang.reflect.Method.invoke(Method.java:497) ~[?:1.8.0_51]
	at net.minecraftforge.fml.common.FMLModContainer.handleModStateEvent(FMLModContainer.java:560) [FMLModContainer.class:?]
	at sun.reflect.GeneratedMethodAccessor4.invoke(Unknown Source) ~[?:?]
	at sun.reflect.DelegatingMethodAccessorImpl.invoke(DelegatingMethodAccessorImpl.java:43) ~[?:1.8.0_51]
	at java.lang.reflect.Method.invoke(Method.java:497) ~[?:1.8.0_51]
	at com.google.common.eventbus.EventSubscriber.handleEvent(EventSubscriber.java:74) [guava-17.0.jar:?]
	at com.google.common.eventbus.SynchronizedEventSubscriber.handleEvent(SynchronizedEventSubscriber.java:47) [guava-17.0.jar:?]
	at com.google.common.eventbus.EventBus.dispatch(EventBus.java:322) [guava-17.0.jar:?]
	at com.google.common.eventbus.EventBus.dispatchQueuedEvents(EventBus.java:304) [guava-17.0.jar:?]
	at com.google.common.eventbus.EventBus.post(EventBus.java:275) [guava-17.0.jar:?]
	at net.minecraftforge.fml.common.LoadController.sendEventToModContainer(LoadController.java:211) [LoadController.class:?]
	at net.minecraftforge.fml.common.LoadController.propogateStateMessage(LoadController.java:189) [LoadController.class:?]
	at sun.reflect.NativeMethodAccessorImpl.invoke0(Native Method) ~[?:1.8.0_51]
	at sun.reflect.NativeMethodAccessorImpl.invoke(NativeMethodAccessorImpl.java:62) ~[?:1.8.0_51]
	at sun.reflect.DelegatingMethodAccessorImpl.invoke(DelegatingMethodAccessorImpl.java:43) ~[?:1.8.0_51]
	at java.lang.reflect.Method.invoke(Method.java:497) ~[?:1.8.0_51]
	at com.google.common.eventbus.EventSubscriber.handleEvent(EventSubscriber.java:74) [guava-17.0.jar:?]
	at com.google.common.eventbus.SynchronizedEventSubscriber.handleEvent(SynchronizedEventSubscriber.java:47) [guava-17.0.jar:?]
	at com.google.common.eventbus.EventBus.dispatch(EventBus.java:322) [guava-17.0.jar:?]
	at com.google.common.eventbus.EventBus.dispatchQueuedEvents(EventBus.java:304) [guava-17.0.jar:?]
	at com.google.common.eventbus.EventBus.post(EventBus.java:275) [guava-17.0.jar:?]
	at net.minecraftforge.fml.common.LoadController.distributeStateMessage(LoadController.java:118) [LoadController.class:?]
	at net.minecraftforge.fml.common.Loader.initializeMods(Loader.java:737) [Loader.class:?]
	at net.minecraftforge.fml.client.FMLClientHandler.finishMinecraftLoading(FMLClientHandler.java:310) [FMLClientHandler.class:?]
	at net.minecraft.client.Minecraft.func_71384_a(Minecraft.java:495) [ave.class:?]
	at net.minecraft.client.Minecraft.func_99999_d(Minecraft.java:329) [ave.class:?]
	at net.minecraft.client.main.Main.main(SourceFile:124) [Main.class:?]
	at sun.reflect.NativeMethodAccessorImpl.invoke0(Native Method) ~[?:1.8.0_51]
	at sun.reflect.NativeMethodAccessorImpl.invoke(NativeMethodAccessorImpl.java:62) ~[?:1.8.0_51]
	at sun.reflect.DelegatingMethodAccessorImpl.invoke(DelegatingMethodAccessorImpl.java:43) ~[?:1.8.0_51]
	at java.lang.reflect.Method.invoke(Method.java:497) ~[?:1.8.0_51]
	at net.minecraft.launchwrapper.Launch.launch(Launch.java:135) [launchwrapper-1.12.jar:?]
	at net.minecraft.launchwrapper.Launch.main(Launch.java:28) [launchwrapper-1.12.jar:?]
[12:45:35] [Client thread/INFO] [foamfix]: Weakening LaunchWrapper resource cache...
[12:45:35] [Client thread/INFO] [foamfix]: Optimized 0 FML registries, saving 0 bytes.
[12:45:36] [Client thread/INFO] [TexFix]: Fixed Textures: 596 Saved: 0MB (152576 bytes)
[12:45:36] [Client thread/INFO] [Config]: [OptiFine] *** Reloading textures ***
[12:45:36] [Client thread/INFO] [Config]: [OptiFine] Resource packs: §bSkyline.zip
[12:45:39] [Client thread/INFO] [Config]: [OptiFine] Multitexture: false
[12:45:39] [Client thread/INFO] [Config]: [OptiFine] BetterGrass: Parsing default configuration optifine/bettergrass.properties
[12:45:39] [Client thread/INFO] [Config]: [OptiFine] Custom loader sprites: 1
[12:45:39] [Client thread/INFO] [Config]: [OptiFine] Custom loader sprites (skipped): 1
[12:45:39] [Client thread/INFO] [Config]: [OptiFine] Animated sprites: 19
[12:45:39] [Client thread/INFO] [foamfix]: Clearing unnecessary model registry of size 3071.
[12:45:39] [Client thread/INFO] [foamfix]: Clearing unnecessary model store of size 7663.
[12:45:39] [Client thread/INFO] [foamfix]: Clearing unnecessary item shapes cache of size 330.
[12:45:40] [Client thread/INFO] [foamfix]: Deduplicating models...
[12:45:40] [Client thread/INFO] [foamfix]: Deduplicated 333986 objects.
[12:45:40] [Client thread/INFO] [TexFix]: Fixed Textures: 577 Saved: 1MB (1638400 bytes)
[12:45:42] [Client thread/INFO] [net.optifine.Log]: [OptiFine] (Reflector) Class not present: mods.betterfoliage.client.BetterFoliageClient
[12:45:42] [Client thread/INFO] [Config]: [OptiFine] *** Reloading custom textures ***
[12:46:33] [main/INFO] [LaunchWrapper]: Loading tweak class name net.minecraftforge.fml.common.launcher.FMLTweaker
[12:46:33] [main/INFO] [LaunchWrapper]: Using primary tweak class name net.minecraftforge.fml.common.launcher.FMLTweaker
[12:46:33] [main/INFO] [LaunchWrapper]: Calling tweak class net.minecraftforge.fml.common.launcher.FMLTweaker
[12:46:56] [Client thread/INFO] [net.labymod.support.util.CapturePrintStream]: Removed JNDI lookup
[12:46:57] [Client thread/ERROR] [net.labymod.support.util.CapturePrintStream]: catching
org.lwjgl.LWJGLException: Could not create context (WGL_ARB_create_context)
	at org.lwjgl.opengl.WindowsContextImplementation.nCreate(Native Method) ~[lwjgl-2.9.4-nightly-20150209.jar:?]
	at org.lwjgl.opengl.WindowsContextImplementation.create(WindowsContextImplementation.java:50) ~[lwjgl-2.9.4-nightly-20150209.jar:?]
	at org.lwjgl.opengl.ContextGL.<init>(ContextGL.java:132) ~[lwjgl-2.9.4-nightly-20150209.jar:?]
	at org.lwjgl.opengl.DrawableGL.createSharedContext(DrawableGL.java:77) ~[lwjgl-2.9.4-nightly-20150209.jar:?]
	at org.lwjgl.opengl.DrawableGL.createSharedContext(DrawableGL.java:41) ~[lwjgl-2.9.4-nightly-20150209.jar:?]
	at org.lwjgl.opengl.SharedDrawable.<init>(SharedDrawable.java:50) ~[lwjgl-2.9.4-nightly-20150209.jar:?]
	at net.labymod.utils.texture.async.AsyncTextureLoader.<init>(AsyncTextureLoader.java:34) [AsyncTextureLoader.class:?]
	at net.labymod.main.LabyMod.init(LabyMod.java:245) [LabyMod.class:?]
	at sun.reflect.NativeMethodAccessorImpl.invoke0(Native Method) ~[?:1.8.0_51]
	at sun.reflect.NativeMethodAccessorImpl.invoke(NativeMethodAccessorImpl.java:62) ~[?:1.8.0_51]
	at sun.reflect.DelegatingMethodAccessorImpl.invoke(DelegatingMethodAccessorImpl.java:43) ~[?:1.8.0_51]
	at java.lang.reflect.Method.invoke(Method.java:497) ~[?:1.8.0_51]
	at net.minecraftforge.fml.common.FMLModContainer.handleModStateEvent(FMLModContainer.java:560) [FMLModContainer.class:?]
	at sun.reflect.GeneratedMethodAccessor4.invoke(Unknown Source) ~[?:?]
	at sun.reflect.DelegatingMethodAccessorImpl.invoke(DelegatingMethodAccessorImpl.java:43) ~[?:1.8.0_51]
	at java.lang.reflect.Method.invoke(Method.java:497) ~[?:1.8.0_51]
	at com.google.common.eventbus.EventSubscriber.handleEvent(EventSubscriber.java:74) [guava-17.0.jar:?]
	at com.google.common.eventbus.SynchronizedEventSubscriber.handleEvent(SynchronizedEventSubscriber.java:47) [guava-17.0.jar:?]
	at com.google.common.eventbus.EventBus.dispatch(EventBus.java:322) [guava-17.0.jar:?]
	at com.google.common.eventbus.EventBus.dispatchQueuedEvents(EventBus.java:304) [guava-17.0.jar:?]
	at com.google.common.eventbus.EventBus.post(EventBus.java:275) [guava-17.0.jar:?]
	at net.minecraftforge.fml.common.LoadController.sendEventToModContainer(LoadController.java:211) [LoadController.class:?]
	at net.minecraftforge.fml.common.LoadController.propogateStateMessage(LoadController.java:189) [LoadController.class:?]
	at sun.reflect.NativeMethodAccessorImpl.invoke0(Native Method) ~[?:1.8.0_51]
	at sun.reflect.NativeMethodAccessorImpl.invoke(NativeMethodAccessorImpl.java:62) ~[?:1.8.0_51]
	at sun.reflect.DelegatingMethodAccessorImpl.invoke(DelegatingMethodAccessorImpl.java:43) ~[?:1.8.0_51]
	at java.lang.reflect.Method.invoke(Method.java:497) ~[?:1.8.0_51]
	at com.google.common.eventbus.EventSubscriber.handleEvent(EventSubscriber.java:74) [guava-17.0.jar:?]
	at com.google.common.eventbus.SynchronizedEventSubscriber.handleEvent(SynchronizedEventSubscriber.java:47) [guava-17.0.jar:?]
	at com.google.common.eventbus.EventBus.dispatch(EventBus.java:322) [guava-17.0.jar:?]
	at com.google.common.eventbus.EventBus.dispatchQueuedEvents(EventBus.java:304) [guava-17.0.jar:?]
	at com.google.common.eventbus.EventBus.post(EventBus.java:275) [guava-17.0.jar:?]
	at net.minecraftforge.fml.common.LoadController.distributeStateMessage(LoadController.java:118) [LoadController.class:?]
	at net.minecraftforge.fml.common.Loader.initializeMods(Loader.java:737) [Loader.class:?]
	at net.minecraftforge.fml.client.FMLClientHandler.finishMinecraftLoading(FMLClientHandler.java:310) [FMLClientHandler.class:?]
	at net.minecraft.client.Minecraft.func_71384_a(Minecraft.java:495) [ave.class:?]
	at net.minecraft.client.Minecraft.func_99999_d(Minecraft.java:329) [ave.class:?]
	at net.minecraft.client.main.Main.main(SourceFile:124) [Main.class:?]
	at sun.reflect.NativeMethodAccessorImpl.invoke0(Native Method) ~[?:1.8.0_51]
	at sun.reflect.NativeMethodAccessorImpl.invoke(NativeMethodAccessorImpl.java:62) ~[?:1.8.0_51]
	at sun.reflect.DelegatingMethodAccessorImpl.invoke(DelegatingMethodAccessorImpl.java:43) ~[?:1.8.0_51]
	at java.lang.reflect.Method.invoke(Method.java:497) ~[?:1.8.0_51]
	at net.minecraft.launchwrapper.Launch.launch(Launch.java:135) [launchwrapper-1.12.jar:?]
	at net.minecraft.launchwrapper.Launch.main(Launch.java:28) [launchwrapper-1.12.jar:?]
[12:46:59] [Client thread/INFO] [foamfix]: Weakening LaunchWrapper resource cache...
[12:46:59] [Client thread/INFO] [foamfix]: Optimized 0 FML registries, saving 0 bytes.
[12:46:59] [Client thread/INFO] [TexFix]: Fixed Textures: 596 Saved: 0MB (152576 bytes)
[12:46:59] [Client thread/INFO] [Config]: [OptiFine] *** Reloading textures ***
[12:46:59] [Client thread/INFO] [Config]: [OptiFine] Resource packs: §bSkyline.zip
[12:47:01] [Client thread/INFO] [Config]: [OptiFine] Multitexture: false
[12:47:01] [Client thread/INFO] [Config]: [OptiFine] BetterGrass: Parsing default configuration optifine/bettergrass.properties
[12:47:01] [Client thread/INFO] [Config]: [OptiFine] Custom loader sprites: 1
[12:47:01] [Client thread/INFO] [Config]: [OptiFine] Custom loader sprites (skipped): 1
[12:47:01] [Client thread/INFO] [Config]: [OptiFine] Animated sprites: 19
[12:47:01] [Client thread/INFO] [foamfix]: Clearing unnecessary model registry of size 3071.
[12:47:01] [Client thread/INFO] [foamfix]: Clearing unnecessary model store of size 7663.
[12:47:01] [Client thread/INFO] [foamfix]: Clearing unnecessary item shapes cache of size 330.
[12:47:02] [Client thread/INFO] [foamfix]: Deduplicating models...
[12:47:02] [Client thread/INFO] [foamfix]: Deduplicated 333986 objects.
[12:47:02] [Client thread/INFO] [TexFix]: Fixed Textures: 577 Saved: 1MB (1638400 bytes)
[12:47:03] [Client thread/INFO] [net.optifine.Log]: [OptiFine] (Reflector) Class not present: mods.betterfoliage.client.BetterFoliageClient
[12:47:03] [Client thread/INFO] [Config]: [OptiFine] *** Reloading custom textures ***
